{"message":"failed to reconnect after 30 attempts with interval 1000 ms","stack":"MongoNetworkError: failed to reconnect after 30 attempts with interval 1000 ms\n    at Connection.<anonymous> (F:\\Work_repo\\2018\\Learning Node.js\\Node with Mosh\\express-demo\\node_modules\\mongodb-core\\lib\\connection\\pool.js:363:13)\n    at emitTwo (events.js:126:13)\n    at Connection.emit (events.js:214:7)\n    at Socket.<anonymous> (F:\\Work_repo\\2018\\Learning Node.js\\Node with Mosh\\express-demo\\node_modules\\mongodb-core\\lib\\connection\\connection.js:245:50)\n    at Object.onceWrapper (events.js:315:30)\n    at emitOne (events.js:116:13)\n    at Socket.emit (events.js:211:7)\n    at emitErrorNT (internal/streams/destroy.js:64:8)\n    at _combinedTickCallback (internal/process/next_tick.js:138:11)\n    at process._tickCallback (internal/process/next_tick.js:180:9)","name":"MongoNetworkError","errorLabels":["TransientTransactionError"],"level":"error","timestamp":"2018-09-03T20:27:25.360Z"}
{"message":"fdffddf","stack":"Error: fdffddf\n    at Object.<anonymous> (F:\\Work_repo\\2018\\Learning Node.js\\Node with Mosh\\express-demo\\app.js:50:7)\n    at Module._compile (module.js:643:30)\n    at Object.Module._extensions..js (module.js:654:10)\n    at Module.load (module.js:556:32)\n    at tryModuleLoad (module.js:499:12)\n    at Function.Module._load (module.js:491:3)\n    at Module.require (module.js:587:17)\n    at require (internal/module.js:11:18)\n    at Object.<anonymous> (F:\\Work_repo\\2018\\Learning Node.js\\Node with Mosh\\express-demo\\bin\\www:7:13)\n    at Module._compile (module.js:643:30)\n    at Object.Module._extensions..js (module.js:654:10)\n    at Module.load (module.js:556:32)\n    at tryModuleLoad (module.js:499:12)\n    at Function.Module._load (module.js:491:3)\n    at Function.Module.runMain (module.js:684:10)\n    at startup (bootstrap_node.js:187:16)\n    at bootstrap_node.js:608:3","level":"error","timestamp":"2018-09-03T20:27:50.149Z"}
{"message":"Something failed during startup.","stack":"Error: Something failed during startup.\n    at Object.<anonymous> (F:\\Work_repo\\2018\\Learning Node.js\\Node with Mosh\\express-demo\\app.js:50:7)\n    at Module._compile (module.js:643:30)\n    at Object.Module._extensions..js (module.js:654:10)\n    at Module.load (module.js:556:32)\n    at tryModuleLoad (module.js:499:12)\n    at Function.Module._load (module.js:491:3)\n    at Module.require (module.js:587:17)\n    at require (internal/module.js:11:18)\n    at Object.<anonymous> (F:\\Work_repo\\2018\\Learning Node.js\\Node with Mosh\\express-demo\\bin\\www:7:13)\n    at Module._compile (module.js:643:30)\n    at Object.Module._extensions..js (module.js:654:10)\n    at Module.load (module.js:556:32)\n    at tryModuleLoad (module.js:499:12)\n    at Function.Module._load (module.js:491:3)\n    at Function.Module.runMain (module.js:684:10)\n    at startup (bootstrap_node.js:187:16)\n    at bootstrap_node.js:608:3","level":"error","timestamp":"2018-09-03T20:28:26.815Z"}
{"message":"Something failed during startup.","stack":"Error: Something failed during startup.\n    at Object.<anonymous> (F:\\Work_repo\\2018\\Learning Node.js\\Node with Mosh\\express-demo\\app.js:49:7)\n    at Module._compile (module.js:643:30)\n    at Object.Module._extensions..js (module.js:654:10)\n    at Module.load (module.js:556:32)\n    at tryModuleLoad (module.js:499:12)\n    at Function.Module._load (module.js:491:3)\n    at Module.require (module.js:587:17)\n    at require (internal/module.js:11:18)\n    at Object.<anonymous> (F:\\Work_repo\\2018\\Learning Node.js\\Node with Mosh\\express-demo\\bin\\www:7:13)\n    at Module._compile (module.js:643:30)\n    at Object.Module._extensions..js (module.js:654:10)\n    at Module.load (module.js:556:32)\n    at tryModuleLoad (module.js:499:12)\n    at Function.Module._load (module.js:491:3)\n    at Function.Module.runMain (module.js:684:10)\n    at startup (bootstrap_node.js:187:16)\n    at bootstrap_node.js:608:3","level":"error","timestamp":"2018-09-03T20:29:02.960Z"}
{"message":"Something failed miserably!","stack":"Error: Something failed miserably!\n    at Object.<anonymous> (F:\\Work_repo\\2018\\Learning Node.js\\Node with Mosh\\express-demo\\app.js:58:26)\n    at Module._compile (module.js:643:30)\n    at Object.Module._extensions..js (module.js:654:10)\n    at Module.load (module.js:556:32)\n    at tryModuleLoad (module.js:499:12)\n    at Function.Module._load (module.js:491:3)\n    at Module.require (module.js:587:17)\n    at require (internal/module.js:11:18)\n    at Object.<anonymous> (F:\\Work_repo\\2018\\Learning Node.js\\Node with Mosh\\express-demo\\bin\\www:7:13)\n    at Module._compile (module.js:643:30)\n    at Object.Module._extensions..js (module.js:654:10)\n    at Module.load (module.js:556:32)\n    at tryModuleLoad (module.js:499:12)\n    at Function.Module._load (module.js:491:3)\n    at Function.Module.runMain (module.js:684:10)\n    at startup (bootstrap_node.js:187:16)\n    at bootstrap_node.js:608:3","level":"error","timestamp":"2018-09-03T20:48:49.928Z"}
{"message":"Something failed miserably!","stack":"Error: Something failed miserably!\n    at Object.<anonymous> (F:\\Work_repo\\2018\\Learning Node.js\\Node with Mosh\\express-demo\\app.js:58:26)\n    at Module._compile (module.js:643:30)\n    at Object.Module._extensions..js (module.js:654:10)\n    at Module.load (module.js:556:32)\n    at tryModuleLoad (module.js:499:12)\n    at Function.Module._load (module.js:491:3)\n    at Module.require (module.js:587:17)\n    at require (internal/module.js:11:18)\n    at Object.<anonymous> (F:\\Work_repo\\2018\\Learning Node.js\\Node with Mosh\\express-demo\\bin\\www:7:13)\n    at Module._compile (module.js:643:30)\n    at Object.Module._extensions..js (module.js:654:10)\n    at Module.load (module.js:556:32)\n    at tryModuleLoad (module.js:499:12)\n    at Function.Module._load (module.js:491:3)\n    at Function.Module.runMain (module.js:684:10)\n    at startup (bootstrap_node.js:187:16)\n    at bootstrap_node.js:608:3","level":"error","timestamp":"2018-09-03T20:49:45.552Z"}
{"message":"Something failed miserably!","stack":"Error: Something failed miserably!\n    at Object.<anonymous> (F:\\Work_repo\\2018\\Learning Node.js\\Node with Mosh\\express-demo\\app.js:59:26)\n    at Module._compile (module.js:643:30)\n    at Object.Module._extensions..js (module.js:654:10)\n    at Module.load (module.js:556:32)\n    at tryModuleLoad (module.js:499:12)\n    at Function.Module._load (module.js:491:3)\n    at Module.require (module.js:587:17)\n    at require (internal/module.js:11:18)\n    at Object.<anonymous> (F:\\Work_repo\\2018\\Learning Node.js\\Node with Mosh\\express-demo\\bin\\www:7:13)\n    at Module._compile (module.js:643:30)\n    at Object.Module._extensions..js (module.js:654:10)\n    at Module.load (module.js:556:32)\n    at tryModuleLoad (module.js:499:12)\n    at Function.Module._load (module.js:491:3)\n    at Function.Module.runMain (module.js:684:10)\n    at startup (bootstrap_node.js:187:16)\n    at bootstrap_node.js:608:3","level":"error","timestamp":"2018-09-03T20:50:01.172Z"}
{"level":"info","message":"Connected to mongoDB...","timestamp":"2018-09-03T21:26:10.933Z"}
{"level":"info","message":"Connected to mongoDB...","timestamp":"2018-09-03T21:27:34.071Z"}
{"level":"info","message":"Connected to mongoDB...","timestamp":"2018-09-03T21:28:31.399Z"}
{"level":"info","message":"Connected to mongoDB...","timestamp":"2018-09-03T21:30:26.170Z"}
{"level":"info","message":"Connected to mongoDB...","timestamp":"2018-09-03T21:31:02.639Z"}
{"level":"info","message":"Connected to mongoDB...","timestamp":"2018-09-03T21:31:52.296Z"}
{"level":"info","message":"Connected to mongoDB...","timestamp":"2018-09-03T21:33:22.162Z"}
{"level":"info","message":"Connected to mongoDB...","timestamp":"2018-09-03T21:34:14.663Z"}
{"level":"info","message":"Connected to mongoDB...","timestamp":"2018-09-03T21:34:27.387Z"}
{"level":"info","message":"Connected to mongoDB...","timestamp":"2018-09-03T21:34:39.899Z"}
{"level":"info","message":"Connected to mongoDB...","timestamp":"2018-09-03T21:35:26.718Z"}
{"level":"info","message":"Connected to mongoDB...","timestamp":"2018-09-03T21:37:16.596Z"}
{"level":"info","message":"Connected to mongoDB...","timestamp":"2018-09-03T21:37:31.828Z"}
{"level":"info","message":"Connected to mongoDB...","timestamp":"2018-09-03T21:37:52.826Z"}
{"level":"info","message":"Listening on port 3000...","timestamp":"2018-09-03T21:39:55.596Z"}
{"level":"info","message":"Connected to mongoDB...","timestamp":"2018-09-03T21:39:56.657Z"}
{"level":"info","message":"Listening on port 3000...","timestamp":"2018-09-11T01:19:01.075Z"}
{"level":"info","message":"Connected to mongoDB...","timestamp":"2018-09-11T01:19:02.135Z"}
{"level":"info","message":"Listening on port 3000...","timestamp":"2018-09-11T01:19:13.469Z"}
{"level":"info","message":"Connected to mongoDB...","timestamp":"2018-09-11T01:19:14.513Z"}
{"level":"info","message":"Listening on port 3000...","timestamp":"2018-09-11T01:19:19.741Z"}
{"level":"info","message":"Listening on port 3000...","timestamp":"2018-09-11T01:19:28.291Z"}
{"level":"info","message":"Connected to mongoDB...","timestamp":"2018-09-11T01:19:29.342Z"}
{"level":"info","message":"Listening on port 3000...","timestamp":"2018-09-11T01:19:41.730Z"}
{"level":"info","message":"Connected to mongoDB...","timestamp":"2018-09-11T01:19:42.769Z"}
{"level":"info","message":"Listening on port 3000...","timestamp":"2018-09-11T01:19:46.410Z"}
{"level":"info","message":"Connected to mongoDB...","timestamp":"2018-09-11T01:19:47.463Z"}
{"level":"info","message":"Listening on port 3000...","timestamp":"2018-09-11T01:20:20.610Z"}
{"level":"info","message":"Connected to mongoDB...","timestamp":"2018-09-11T01:20:21.637Z"}
{"level":"info","message":"Listening on port 3000...","timestamp":"2018-09-11T01:21:16.422Z"}
{"level":"info","message":"Connected to mongoDB...","timestamp":"2018-09-11T01:21:17.454Z"}
{"level":"info","message":"Listening on port 3000...","timestamp":"2018-09-11T01:21:21.948Z"}
{"level":"info","message":"Connected to mongoDB...","timestamp":"2018-09-11T01:21:23.003Z"}
{"level":"info","message":"Listening on port 3000...","timestamp":"2018-09-11T01:21:54.390Z"}
{"level":"info","message":"Connected to mongoDB...","timestamp":"2018-09-11T01:21:55.440Z"}
{"level":"info","message":"Listening on port 3000...","timestamp":"2018-09-11T01:23:06.539Z"}
{"level":"info","message":"Listening on port 3000...","timestamp":"2018-09-11T01:23:13.970Z"}
{"level":"info","message":"Connected to mongoDB...","timestamp":"2018-09-11T01:23:15.004Z"}
{"level":"info","message":"Listening on port 3000...","timestamp":"2018-09-11T01:23:28.402Z"}
{"level":"info","message":"Listening on port 3000...","timestamp":"2018-09-11T01:23:33.399Z"}
{"level":"info","message":"Listening on port 3000...","timestamp":"2018-09-11T01:23:48.752Z"}
{"level":"info","message":"Connected to mongoDB...","timestamp":"2018-09-11T01:23:49.798Z"}
{"level":"info","message":"Listening on port 3000...","timestamp":"2018-09-11T01:23:57.321Z"}
{"level":"info","message":"Connected to mongoDB...","timestamp":"2018-09-11T01:23:58.351Z"}
{"level":"info","message":"Listening on port 3000...","timestamp":"2018-09-11T01:24:11.391Z"}
{"level":"info","message":"Connected to mongoDB...","timestamp":"2018-09-11T01:24:12.455Z"}
{"level":"info","message":"Listening on port 3000...","timestamp":"2018-09-11T01:25:03.094Z"}
{"level":"info","message":"Connected to mongoDB...","timestamp":"2018-09-11T01:25:04.154Z"}
{"level":"info","message":"Listening on port 3000...","timestamp":"2018-09-11T01:26:13.831Z"}
{"level":"info","message":"Listening on port 3000...","timestamp":"2018-09-11T01:26:43.417Z"}
{"level":"info","message":"Connected to mongoDB...","timestamp":"2018-09-11T01:26:44.494Z"}
{"level":"info","message":"Listening on port 3000...","timestamp":"2018-09-11T01:27:48.753Z"}
{"level":"info","message":"Connected to mongoDB...","timestamp":"2018-09-11T01:27:49.790Z"}
{"level":"info","message":"Listening on port 3000...","timestamp":"2018-09-11T01:28:06.485Z"}
{"level":"info","message":"Connected to mongoDB...","timestamp":"2018-09-11T01:28:07.691Z"}
{"level":"info","message":"Listening on port 3000...","timestamp":"2018-09-11T01:28:37.039Z"}
{"level":"info","message":"Listening on port 3000...","timestamp":"2018-09-11T01:28:43.025Z"}
{"level":"info","message":"Connected to mongoDB...","timestamp":"2018-09-11T01:28:44.058Z"}
{"level":"info","message":"Listening on port 3000...","timestamp":"2018-09-11T01:29:21.694Z"}
{"level":"info","message":"Connected to mongoDB...","timestamp":"2018-09-11T01:29:22.773Z"}
{"level":"info","message":"Listening on port 3000...","timestamp":"2018-09-11T01:30:27.321Z"}
{"level":"info","message":"Connected to mongodb://localhost/vidly...","timestamp":"2018-09-11T01:30:28.355Z"}
{"level":"info","message":"Listening on port 3000...","timestamp":"2018-09-11T01:31:26.995Z"}
{"level":"info","message":"Connected to mongodb://localhost/vidly...","timestamp":"2018-09-11T01:31:28.303Z"}
{"level":"info","message":"Listening on port 3000...","timestamp":"2018-09-11T01:31:59.748Z"}
{"level":"info","message":"Connected to mongodb://localhost/vidly...","timestamp":"2018-09-11T01:32:00.827Z"}
{"level":"info","message":"Listening on port 3000...","timestamp":"2018-09-11T01:33:26.244Z"}
{"level":"info","message":"Connected to mongodb://localhost/vidly_tests...","timestamp":"2018-09-11T01:33:27.337Z"}
{"level":"info","message":"Listening on port 3000...","timestamp":"2018-09-11T01:42:02.150Z"}
{"level":"info","message":"Connected to mongodb://localhost/vidly_tests...","timestamp":"2018-09-11T01:42:03.184Z"}
{"level":"info","message":"Listening on port 3000...","timestamp":"2018-09-11T01:43:07.617Z"}
{"level":"info","message":"Connected to mongodb://localhost/vidly_tests...","timestamp":"2018-09-11T01:43:08.652Z"}
{"level":"info","message":"Listening on port 3000...","timestamp":"2018-09-11T01:43:57.200Z"}
{"level":"info","message":"Connected to mongodb://localhost/vidly_tests...","timestamp":"2018-09-11T01:43:58.277Z"}
